<?xml version="1.0" encoding="UTF-8"?>
<!-- Generated by org.testng.reporters.JUnitXMLReporter -->
<testsuite hostname="LTIN214668" failures="0" tests="5" name="Test" time="286.213" errors="0" timestamp="3 Mar 2024 08:42:09 GMT">
  <testcase classname="testCases.TC_01_DoctorSearch" name="search" time="20.953"/>
  <testcase classname="testCases.TC_01_DoctorSearch" name="sortD" time="45.097"/>
  <testcase classname="testCases.TC_01_DoctorSearch" name="GetName" time="11.857"/>
  <testcase classname="testCases.TC_01_DoctorSearch" name="surLst" time="69.64"/>
  <testcase classname="testCases.TC_01_DoctorSearch" name="FormValidation" time="117.281"/>
</testsuite> <!-- Test -->
